y:\starhunter\starhunter\starhunter\x64\debug\vc143.pdb
y:\starhunter\starhunter\starhunter\x64\debug\vc143.idb
y:\starhunter\starhunter\starhunter\x64\debug\starhunter.obj
y:\starhunter\starhunter\starhunter\x64\debug\mainmenu.obj
y:\starhunter\starhunter\starhunter\x64\debug\main.obj
y:\starhunter\starhunter\starhunter\x64\debug\inventory.obj
y:\starhunter\starhunter\starhunter\x64\debug\common.obj
y:\starhunter\starhunter\starhunter\x64\debug\gamemechanics.obj
y:\starhunter\starhunter\starhunter\x64\debug\life.obj
y:\starhunter\starhunter\starhunter\x64\debug\printtext.obj
y:\starhunter\starhunter\starhunter\x64\debug\animation.obj
y:\starhunter\starhunter\starhunter\x64\debug\enemy.obj
y:\starhunter\starhunter\x64\debug\starhunter.exe
y:\starhunter\starhunter\x64\debug\starhunter.pdb
y:\starhunter\starhunter\starhunter\x64\debug\starhunter.ilk
y:\starhunter\starhunter\starhunter\x64\debug\starhunter.tlog\cl.command.1.tlog
y:\starhunter\starhunter\starhunter\x64\debug\starhunter.tlog\cl.items.tlog
y:\starhunter\starhunter\starhunter\x64\debug\starhunter.tlog\cl.read.1.tlog
y:\starhunter\starhunter\starhunter\x64\debug\starhunter.tlog\cl.write.1.tlog
y:\starhunter\starhunter\starhunter\x64\debug\starhunter.tlog\link.command.1.tlog
y:\starhunter\starhunter\starhunter\x64\debug\starhunter.tlog\link.read.1.tlog
y:\starhunter\starhunter\starhunter\x64\debug\starhunter.tlog\link.secondary.1.tlog
y:\starhunter\starhunter\starhunter\x64\debug\starhunter.tlog\link.write.1.tlog
